<?xml version="1.0" encoding="UTF-8"?>
<!-- Generated by org.testng.reporters.JUnitXMLReporter -->
<testsuite ignored="0" hostname="sadias-MBP.lan" failures="1" tests="4" name="Nopackage" time="26.95" errors="0" timestamp="16 Mar 2024 17:50:27 GMT">
  <testcase classname="io.cucumber.testng.AbstractTestNGCucumberTests" name="runScenario" time="14.62"/>
  <testcase classname="io.cucumber.testng.AbstractTestNGCucumberTests" name="runScenario" time="5.334"/>
  <testcase classname="io.cucumber.testng.AbstractTestNGCucumberTests" name="runScenario" time="6.458">
    <failure type="java.lang.AssertionError" message="expected [true] but found [false]">
      <![CDATA[java.lang.AssertionError: expected [true] but found [false]
at steps.searchProducts.i_can_see_the_search_result_successfully(searchProducts.java:45)
at ✽.i can see the search result successfully(file:///Users/Sami/eclipse-workspace/com.goggle.searchProducts/Features/searchProducts.feature:11)
... Removed 4 stack frames]]>
    </failure>
  </testcase> <!-- runScenario -->
  <testcase classname="io.cucumber.testng.AbstractTestNGCucumberTests" name="runScenario" time="0.003"/>
</testsuite> <!-- Nopackage -->
