<?xml version="1.0" encoding="UTF-8"?>
<testng-results ignored="0" total="4" passed="3" failed="1" skipped="0">
  <reporter-output>
  </reporter-output>
  <suite started-at="2024-03-16T17:50:00Z" name="Suite1" finished-at="2024-03-16T17:50:27Z" duration-ms="26950">
    <groups>
      <group name="cucumber">
        <method signature="AbstractTestNGCucumberTests.runScenario(io.cucumber.testng.PickleWrapper, io.cucumber.testng.FeatureWrapper)[pri:0, instance:runner.testRunner@52719fb6]" name="runScenario" class="io.cucumber.testng.AbstractTestNGCucumberTests"/>
      </group> <!-- cucumber -->
    </groups>
    <test started-at="2024-03-16T17:50:00Z" name="Nopackage" finished-at="2024-03-16T17:50:27Z" duration-ms="26950">
      <class name="runner.testRunner">
        <test-method is-config="true" signature="setUpClass(org.testng.ITestContext)[pri:0, instance:runner.testRunner@52719fb6]" started-at="2024-03-16T17:50:00Z" name="setUpClass" finished-at="2024-03-16T17:50:01Z" duration-ms="507" status="PASS">
          <params>
            <param index="0">
              <value>
                <![CDATA[org.testng.TestRunner@40e32762]]>
              </value>
            </param>
          </params>
          <reporter-output>
          </reporter-output>
        </test-method> <!-- setUpClass -->
        <test-method signature="runScenario(io.cucumber.testng.PickleWrapper, io.cucumber.testng.FeatureWrapper)[pri:0, instance:runner.testRunner@52719fb6]" started-at="2024-03-16T17:50:01Z" name="runScenario" description="Runs Cucumber Scenarios" data-provider="scenarios" finished-at="2024-03-16T17:50:15Z" duration-ms="14620" status="PASS">
          <params>
            <param index="0">
              <value>
                <![CDATA["searching product in google"]]>
              </value>
            </param>
            <param index="1">
              <value>
                <![CDATA["searching product"]]>
              </value>
            </param>
          </params>
          <reporter-output>
          </reporter-output>
        </test-method> <!-- runScenario -->
        <test-method signature="runScenario(io.cucumber.testng.PickleWrapper, io.cucumber.testng.FeatureWrapper)[pri:0, instance:runner.testRunner@52719fb6]" started-at="2024-03-16T17:50:15Z" name="runScenario" description="Runs Cucumber Scenarios" data-provider="scenarios" finished-at="2024-03-16T17:50:21Z" duration-ms="5334" status="PASS">
          <params>
            <param index="0">
              <value>
                <![CDATA["searching product in google"]]>
              </value>
            </param>
            <param index="1">
              <value>
                <![CDATA["searching product"]]>
              </value>
            </param>
          </params>
          <reporter-output>
          </reporter-output>
        </test-method> <!-- runScenario -->
        <test-method signature="runScenario(io.cucumber.testng.PickleWrapper, io.cucumber.testng.FeatureWrapper)[pri:0, instance:runner.testRunner@52719fb6]" started-at="2024-03-16T17:50:21Z" name="runScenario" description="Runs Cucumber Scenarios" data-provider="scenarios" finished-at="2024-03-16T17:50:27Z" duration-ms="6458" status="FAIL">
          <params>
            <param index="0">
              <value>
                <![CDATA["searching product in google"]]>
              </value>
            </param>
            <param index="1">
              <value>
                <![CDATA["searching product"]]>
              </value>
            </param>
          </params>
          <exception class="java.lang.AssertionError">
            <message>
              <![CDATA[expected [true] but found [false]]]>
            </message>
            <full-stacktrace>
              <![CDATA[java.lang.AssertionError: expected [true] but found [false]
at org.testng.Assert.fail(Assert.java:96)
at org.testng.Assert.failNotEquals(Assert.java:776)
at org.testng.Assert.assertTrue(Assert.java:44)
at org.testng.Assert.assertTrue(Assert.java:54)
at steps.searchProducts.i_can_see_the_search_result_successfully(searchProducts.java:45)
at ✽.i can see the search result successfully(file:///Users/Sami/eclipse-workspace/com.goggle.searchProducts/Features/searchProducts.feature:11)
]]>
            </full-stacktrace>
          </exception> <!-- java.lang.AssertionError -->
          <reporter-output>
          </reporter-output>
        </test-method> <!-- runScenario -->
        <test-method signature="runScenario(io.cucumber.testng.PickleWrapper, io.cucumber.testng.FeatureWrapper)[pri:0, instance:runner.testRunner@52719fb6]" started-at="2024-03-16T17:50:27Z" name="runScenario" description="Runs Cucumber Scenarios" data-provider="scenarios" finished-at="2024-03-16T17:50:27Z" duration-ms="3" status="PASS">
          <params>
            <param index="0">
              <value>
                <![CDATA["visiting the place"]]>
              </value>
            </param>
            <param index="1">
              <value>
                <![CDATA["Visiting the place"]]>
              </value>
            </param>
          </params>
          <reporter-output>
          </reporter-output>
        </test-method> <!-- runScenario -->
        <test-method is-config="true" signature="tearDownClass()[pri:0, instance:runner.testRunner@52719fb6]" started-at="2024-03-16T17:50:27Z" name="tearDownClass" finished-at="2024-03-16T17:50:27Z" duration-ms="2" status="PASS">
          <reporter-output>
          </reporter-output>
        </test-method> <!-- tearDownClass -->
      </class> <!-- runner.testRunner -->
    </test> <!-- Nopackage -->
  </suite> <!-- Suite1 -->
</testng-results>
