<?xml version="1.0" encoding="UTF-8"?>
<!-- Generated by org.testng.reporters.JUnitReportReporter -->
<testsuite hostname="sadias-MBP.lan" failures="1" tests="4" name="runner.testRunner" time="26.415" errors="0" timestamp="16 Mar 2024 17:50:27 GMT" skipped="0">
  <testcase classname="runner.testRunner" name="runScenario" time="14.620"/>
  <testcase classname="runner.testRunner" name="runScenario" time="5.334"/>
  <testcase classname="runner.testRunner" name="runScenario" time="6.458">
    <failure message="expected [true] but found [false]" type="java.lang.AssertionError">
      <![CDATA[java.lang.AssertionError: expected [true] but found [false]
at org.testng.Assert.fail(Assert.java:96)
at org.testng.Assert.failNotEquals(Assert.java:776)
at org.testng.Assert.assertTrue(Assert.java:44)
at org.testng.Assert.assertTrue(Assert.java:54)
at steps.searchProducts.i_can_see_the_search_result_successfully(searchProducts.java:45)
at ✽.i can see the search result successfully(file:///Users/Sami/eclipse-workspace/com.goggle.searchProducts/Features/searchProducts.feature:11)
]]>
    </failure>
  </testcase> <!-- runScenario -->
  <testcase classname="runner.testRunner" name="runScenario" time="0.003"/>
</testsuite> <!-- runner.testRunner -->
